2014/11/06 13:38:05 [error] [php] Undefined variable: model (C:\xampp\htdocs\reelmediad\protected\views\video\index.php:1)
Stack trace:
#0 C:\xampp\htdocs\reelmediad\yii_back\framework\web\CController.php(869): VideoController->renderFile()
#1 C:\xampp\htdocs\reelmediad\yii_back\framework\web\CController.php(782): VideoController->renderPartial()
#2 C:\xampp\htdocs\reelmediad\protected\controllers\VideoController.php(37): VideoController->render()
#3 unknown(0): VideoController->actionView()
#4 C:\xampp\htdocs\reelmediad\yii_back\framework\web\actions\CAction.php(108): ReflectionMethod->invokeArgs()
#5 C:\xampp\htdocs\reelmediad\yii_back\framework\web\actions\CInlineAction.php(47): CInlineAction->runWithParamsInternal()
#6 C:\xampp\htdocs\reelmediad\yii_back\framework\web\CController.php(308): CInlineAction->runWithParams()
#7 C:\xampp\htdocs\reelmediad\yii_back\framework\web\filters\CFilterChain.php(133): VideoController->runAction()
#8 C:\xampp\htdocs\reelmediad\yii_back\framework\web\filters\CFilter.php(40): CFilterChain->run()
#9 C:\xampp\htdocs\reelmediad\yii_back\framework\web\CController.php(1145): CAccessControlFilter->filter()
#10 C:\xampp\htdocs\reelmediad\yii_back\framework\web\filters\CInlineFilter.php(58): VideoController->filterAccessControl()
#11 C:\xampp\htdocs\reelmediad\yii_back\framework\web\filters\CFilterChain.php(130): CInlineFilter->filter()
#12 C:\xampp\htdocs\reelmediad\yii_back\framework\web\CController.php(291): CFilterChain->run()
#13 C:\xampp\htdocs\reelmediad\yii_back\framework\web\CController.php(265): VideoController->runActionWithFilters()
#14 C:\xampp\htdocs\reelmediad\yii_back\framework\web\CWebApplication.php(282): VideoController->run()
#15 C:\xampp\htdocs\reelmediad\yii_back\framework\web\CWebApplication.php(141): CWebApplication->runController()
#16 C:\xampp\htdocs\reelmediad\yii_back\framework\base\CApplication.php(180): CWebApplication->processRequest()
#17 C:\xampp\htdocs\reelmediad\index.php(18): CWebApplication->run()
REQUEST_URI=/reelmediad/video/2317949
2014/11/06 14:36:41 [error] [php] include(Companies.php): failed to open stream: No such file or directory (C:\xampp\htdocs\reelmediad\yii_back\framework\YiiBase.php:427)
Stack trace:
#0 C:\xampp\htdocs\reelmediad\protected\views\video\index.php(29): spl_autoload_call()
#1 C:\xampp\htdocs\reelmediad\yii_back\framework\web\CBaseController.php(126): require()
#2 C:\xampp\htdocs\reelmediad\yii_back\framework\web\CBaseController.php(95): VideoController->renderInternal()
#3 C:\xampp\htdocs\reelmediad\yii_back\framework\web\CController.php(869): VideoController->renderFile()
#4 C:\xampp\htdocs\reelmediad\yii_back\framework\web\CController.php(782): VideoController->renderPartial()
#5 C:\xampp\htdocs\reelmediad\protected\controllers\VideoController.php(38): VideoController->render()
#6 unknown(0): VideoController->actionView()
#7 C:\xampp\htdocs\reelmediad\yii_back\framework\web\actions\CAction.php(108): ReflectionMethod->invokeArgs()
#8 C:\xampp\htdocs\reelmediad\yii_back\framework\web\actions\CInlineAction.php(47): CInlineAction->runWithParamsInternal()
#9 C:\xampp\htdocs\reelmediad\yii_back\framework\web\CController.php(308): CInlineAction->runWithParams()
#10 C:\xampp\htdocs\reelmediad\yii_back\framework\web\filters\CFilterChain.php(133): VideoController->runAction()
#11 C:\xampp\htdocs\reelmediad\yii_back\framework\web\filters\CFilter.php(40): CFilterChain->run()
#12 C:\xampp\htdocs\reelmediad\yii_back\framework\web\CController.php(1145): CAccessControlFilter->filter()
#13 C:\xampp\htdocs\reelmediad\yii_back\framework\web\filters\CInlineFilter.php(58): VideoController->filterAccessControl()
#14 C:\xampp\htdocs\reelmediad\yii_back\framework\web\filters\CFilterChain.php(130): CInlineFilter->filter()
#15 C:\xampp\htdocs\reelmediad\yii_back\framework\web\CController.php(291): CFilterChain->run()
#16 C:\xampp\htdocs\reelmediad\yii_back\framework\web\CController.php(265): VideoController->runActionWithFilters()
#17 C:\xampp\htdocs\reelmediad\yii_back\framework\web\CWebApplication.php(282): VideoController->run()
#18 C:\xampp\htdocs\reelmediad\yii_back\framework\web\CWebApplication.php(141): CWebApplication->runController()
#19 C:\xampp\htdocs\reelmediad\yii_back\framework\base\CApplication.php(180): CWebApplication->processRequest()
#20 C:\xampp\htdocs\reelmediad\index.php(18): CWebApplication->run()
REQUEST_URI=/reelmediad/video/2317949
2014/11/06 14:37:04 [error] [php] Undefined variable: companies_mentioned (C:\xampp\htdocs\reelmediad\protected\views\video\index.php:31)
Stack trace:
#0 C:\xampp\htdocs\reelmediad\yii_back\framework\web\CController.php(869): VideoController->renderFile()
#1 C:\xampp\htdocs\reelmediad\yii_back\framework\web\CController.php(782): VideoController->renderPartial()
#2 C:\xampp\htdocs\reelmediad\protected\controllers\VideoController.php(38): VideoController->render()
#3 unknown(0): VideoController->actionView()
#4 C:\xampp\htdocs\reelmediad\yii_back\framework\web\actions\CAction.php(108): ReflectionMethod->invokeArgs()
#5 C:\xampp\htdocs\reelmediad\yii_back\framework\web\actions\CInlineAction.php(47): CInlineAction->runWithParamsInternal()
#6 C:\xampp\htdocs\reelmediad\yii_back\framework\web\CController.php(308): CInlineAction->runWithParams()
#7 C:\xampp\htdocs\reelmediad\yii_back\framework\web\filters\CFilterChain.php(133): VideoController->runAction()
#8 C:\xampp\htdocs\reelmediad\yii_back\framework\web\filters\CFilter.php(40): CFilterChain->run()
#9 C:\xampp\htdocs\reelmediad\yii_back\framework\web\CController.php(1145): CAccessControlFilter->filter()
#10 C:\xampp\htdocs\reelmediad\yii_back\framework\web\filters\CInlineFilter.php(58): VideoController->filterAccessControl()
#11 C:\xampp\htdocs\reelmediad\yii_back\framework\web\filters\CFilterChain.php(130): CInlineFilter->filter()
#12 C:\xampp\htdocs\reelmediad\yii_back\framework\web\CController.php(291): CFilterChain->run()
#13 C:\xampp\htdocs\reelmediad\yii_back\framework\web\CController.php(265): VideoController->runActionWithFilters()
#14 C:\xampp\htdocs\reelmediad\yii_back\framework\web\CWebApplication.php(282): VideoController->run()
#15 C:\xampp\htdocs\reelmediad\yii_back\framework\web\CWebApplication.php(141): CWebApplication->runController()
#16 C:\xampp\htdocs\reelmediad\yii_back\framework\base\CApplication.php(180): CWebApplication->processRequest()
#17 C:\xampp\htdocs\reelmediad\index.php(18): CWebApplication->run()
REQUEST_URI=/reelmediad/video/2317949
2014/11/06 15:17:42 [error] [exception.CHttpException.404] exception 'CHttpException' with message 'The system is unable to find the requested action "sound".' in C:\xampp\htdocs\reelmediad\yii_back\framework\web\CController.php:483
Stack trace:
#0 C:\xampp\htdocs\reelmediad\yii_back\framework\web\CController.php(270): CController->missingAction('sound')
#1 C:\xampp\htdocs\reelmediad\yii_back\framework\web\CWebApplication.php(282): CController->run('sound')
#2 C:\xampp\htdocs\reelmediad\yii_back\framework\web\CWebApplication.php(141): CWebApplication->runController('video/sound/mes...')
#3 C:\xampp\htdocs\reelmediad\yii_back\framework\base\CApplication.php(180): CWebApplication->processRequest()
#4 C:\xampp\htdocs\reelmediad\index.php(18): CApplication->run()
#5 {main}
REQUEST_URI=/reelmediad/video/sound/messagebox.mp3
HTTP_REFERER=http://192.168.0.234/reelmediad/video/2318994
---
2014/11/06 15:18:46 [error] [exception.CHttpException.404] exception 'CHttpException' with message 'Unable to resolve the request "assets/1a677ff2/img/glyphicons-halflings.png".' in C:\xampp\htdocs\reelmediad\yii_back\framework\web\CWebApplication.php:286
Stack trace:
#0 C:\xampp\htdocs\reelmediad\yii_back\framework\web\CWebApplication.php(141): CWebApplication->runController('assets/1a677ff2...')
#1 C:\xampp\htdocs\reelmediad\yii_back\framework\base\CApplication.php(180): CWebApplication->processRequest()
#2 C:\xampp\htdocs\reelmediad\index.php(18): CApplication->run()
#3 {main}
REQUEST_URI=/reelmediad/assets/1a677ff2/img/glyphicons-halflings.png
HTTP_REFERER=http://192.168.0.234/reelmediad/assets/1a677ff2/css/demo.css
---
2014/11/10 09:51:07 [error] [exception.CHttpException.404] exception 'CHttpException' with message 'Unable to resolve the request "assets/1a677ff2/img/glyphicons-halflings.png".' in C:\xampp\htdocs\reelmediad\yii_back\framework\web\CWebApplication.php:286
Stack trace:
#0 C:\xampp\htdocs\reelmediad\yii_back\framework\web\CWebApplication.php(141): CWebApplication->runController('assets/1a677ff2...')
#1 C:\xampp\htdocs\reelmediad\yii_back\framework\base\CApplication.php(180): CWebApplication->processRequest()
#2 C:\xampp\htdocs\reelmediad\index.php(18): CApplication->run()
#3 {main}
REQUEST_URI=/reelmediad/assets/1a677ff2/img/glyphicons-halflings.png
HTTP_REFERER=http://192.168.0.234/reelmediad/assets/1a677ff2/css/demo.css
---
2014/11/10 15:18:45 [error] [exception.CHttpException.404] exception 'CHttpException' with message 'The system is unable to find the requested action "sound".' in C:\xampp\htdocs\reelmediad\yii_back\framework\web\CController.php:483
Stack trace:
#0 C:\xampp\htdocs\reelmediad\yii_back\framework\web\CController.php(270): CController->missingAction('sound')
#1 C:\xampp\htdocs\reelmediad\yii_back\framework\web\CWebApplication.php(282): CController->run('sound')
#2 C:\xampp\htdocs\reelmediad\yii_back\framework\web\CWebApplication.php(141): CWebApplication->runController('archive/sound/m...')
#3 C:\xampp\htdocs\reelmediad\yii_back\framework\base\CApplication.php(180): CWebApplication->processRequest()
#4 C:\xampp\htdocs\reelmediad\index.php(18): CApplication->run()
#5 {main}
REQUEST_URI=/reelmediad/archive/sound/messagebox.mp3
HTTP_REFERER=http://192.168.0.234/reelmediad/archive/index
---
2014/11/10 15:24:56 [error] [exception.CHttpException.404] exception 'CHttpException' with message 'Unable to resolve the request "assets/1a677ff2/img/glyphicons-halflings.png".' in C:\xampp\htdocs\reelmediad\yii_back\framework\web\CWebApplication.php:286
Stack trace:
#0 C:\xampp\htdocs\reelmediad\yii_back\framework\web\CWebApplication.php(141): CWebApplication->runController('assets/1a677ff2...')
#1 C:\xampp\htdocs\reelmediad\yii_back\framework\base\CApplication.php(180): CWebApplication->processRequest()
#2 C:\xampp\htdocs\reelmediad\index.php(18): CApplication->run()
#3 {main}
REQUEST_URI=/reelmediad/assets/1a677ff2/img/glyphicons-halflings.png
HTTP_REFERER=http://192.168.0.234/reelmediad/assets/1a677ff2/css/demo.css
---
2014/11/11 13:55:21 [error] [php] Undefined variable: country (C:\xampp\htdocs\reelmediad\protected\views\home\stories.php:106)
Stack trace:
#0 C:\xampp\htdocs\reelmediad\yii_back\framework\web\CController.php(869): HomeController->renderFile()
#1 C:\xampp\htdocs\reelmediad\yii_back\framework\web\CController.php(782): HomeController->renderPartial()
#2 C:\xampp\htdocs\reelmediad\protected\controllers\HomeController.php(54): HomeController->render()
#3 C:\xampp\htdocs\reelmediad\yii_back\framework\web\actions\CInlineAction.php(49): HomeController->actionPrint()
#4 C:\xampp\htdocs\reelmediad\yii_back\framework\web\CController.php(308): CInlineAction->runWithParams()
#5 C:\xampp\htdocs\reelmediad\yii_back\framework\web\filters\CFilterChain.php(133): HomeController->runAction()
#6 C:\xampp\htdocs\reelmediad\yii_back\framework\web\filters\CFilter.php(40): CFilterChain->run()
#7 C:\xampp\htdocs\reelmediad\yii_back\framework\web\CController.php(1145): CAccessControlFilter->filter()
#8 C:\xampp\htdocs\reelmediad\yii_back\framework\web\filters\CInlineFilter.php(58): HomeController->filterAccessControl()
#9 C:\xampp\htdocs\reelmediad\yii_back\framework\web\filters\CFilterChain.php(130): CInlineFilter->filter()
#10 C:\xampp\htdocs\reelmediad\yii_back\framework\web\CController.php(291): CFilterChain->run()
#11 C:\xampp\htdocs\reelmediad\yii_back\framework\web\CController.php(265): HomeController->runActionWithFilters()
#12 C:\xampp\htdocs\reelmediad\yii_back\framework\web\CWebApplication.php(282): HomeController->run()
#13 C:\xampp\htdocs\reelmediad\yii_back\framework\web\CWebApplication.php(141): CWebApplication->runController()
#14 C:\xampp\htdocs\reelmediad\yii_back\framework\base\CApplication.php(180): CWebApplication->processRequest()
#15 C:\xampp\htdocs\reelmediad\index.php(18): CWebApplication->run()
REQUEST_URI=/reelmediad/home/print
2014/11/11 14:00:05 [error] [php] Undefined variable: country (C:\xampp\htdocs\reelmediad\protected\views\home\stories.php:106)
Stack trace:
#0 C:\xampp\htdocs\reelmediad\yii_back\framework\web\CController.php(869): HomeController->renderFile()
#1 C:\xampp\htdocs\reelmediad\yii_back\framework\web\CController.php(782): HomeController->renderPartial()
#2 C:\xampp\htdocs\reelmediad\protected\controllers\HomeController.php(54): HomeController->render()
#3 C:\xampp\htdocs\reelmediad\yii_back\framework\web\actions\CInlineAction.php(49): HomeController->actionPrint()
#4 C:\xampp\htdocs\reelmediad\yii_back\framework\web\CController.php(308): CInlineAction->runWithParams()
#5 C:\xampp\htdocs\reelmediad\yii_back\framework\web\filters\CFilterChain.php(133): HomeController->runAction()
#6 C:\xampp\htdocs\reelmediad\yii_back\framework\web\filters\CFilter.php(40): CFilterChain->run()
#7 C:\xampp\htdocs\reelmediad\yii_back\framework\web\CController.php(1145): CAccessControlFilter->filter()
#8 C:\xampp\htdocs\reelmediad\yii_back\framework\web\filters\CInlineFilter.php(58): HomeController->filterAccessControl()
#9 C:\xampp\htdocs\reelmediad\yii_back\framework\web\filters\CFilterChain.php(130): CInlineFilter->filter()
#10 C:\xampp\htdocs\reelmediad\yii_back\framework\web\CController.php(291): CFilterChain->run()
#11 C:\xampp\htdocs\reelmediad\yii_back\framework\web\CController.php(265): HomeController->runActionWithFilters()
#12 C:\xampp\htdocs\reelmediad\yii_back\framework\web\CWebApplication.php(282): HomeController->run()
#13 C:\xampp\htdocs\reelmediad\yii_back\framework\web\CWebApplication.php(141): CWebApplication->runController()
#14 C:\xampp\htdocs\reelmediad\yii_back\framework\base\CApplication.php(180): CWebApplication->processRequest()
#15 C:\xampp\htdocs\reelmediad\index.php(18): CWebApplication->run()
REQUEST_URI=/reelmediad/home/print
2014/11/11 14:00:05 [error] [exception.CHttpException.404] exception 'CHttpException' with message 'The system is unable to find the requested action "sound".' in C:\xampp\htdocs\reelmediad\yii_back\framework\web\CController.php:483
Stack trace:
#0 C:\xampp\htdocs\reelmediad\yii_back\framework\web\CController.php(270): CController->missingAction('sound')
#1 C:\xampp\htdocs\reelmediad\yii_back\framework\web\CWebApplication.php(282): CController->run('sound')
#2 C:\xampp\htdocs\reelmediad\yii_back\framework\web\CWebApplication.php(141): CWebApplication->runController('home/sound/mess...')
#3 C:\xampp\htdocs\reelmediad\yii_back\framework\base\CApplication.php(180): CWebApplication->processRequest()
#4 C:\xampp\htdocs\reelmediad\index.php(18): CApplication->run()
#5 {main}
REQUEST_URI=/reelmediad/home/sound/messagebox.mp3
HTTP_REFERER=http://192.168.0.234/reelmediad/home/print
---
2014/11/11 14:00:54 [error] [exception.CHttpException.404] exception 'CHttpException' with message 'Unable to resolve the request "assets/1a677ff2/img/glyphicons-halflings.png".' in C:\xampp\htdocs\reelmediad\yii_back\framework\web\CWebApplication.php:286
Stack trace:
#0 C:\xampp\htdocs\reelmediad\yii_back\framework\web\CWebApplication.php(141): CWebApplication->runController('assets/1a677ff2...')
#1 C:\xampp\htdocs\reelmediad\yii_back\framework\base\CApplication.php(180): CWebApplication->processRequest()
#2 C:\xampp\htdocs\reelmediad\index.php(18): CApplication->run()
#3 {main}
REQUEST_URI=/reelmediad/assets/1a677ff2/img/glyphicons-halflings.png
HTTP_REFERER=http://192.168.0.234/reelmediad/assets/1a677ff2/css/demo.css
---
2014/11/11 14:07:25 [error] [exception.CHttpException.404] exception 'CHttpException' with message 'Unable to resolve the request "assets/1a677ff2/img/glyphicons-halflings.png".' in C:\xampp\htdocs\reelmediad\yii_back\framework\web\CWebApplication.php:286
Stack trace:
#0 C:\xampp\htdocs\reelmediad\yii_back\framework\web\CWebApplication.php(141): CWebApplication->runController('assets/1a677ff2...')
#1 C:\xampp\htdocs\reelmediad\yii_back\framework\base\CApplication.php(180): CWebApplication->processRequest()
#2 C:\xampp\htdocs\reelmediad\index.php(18): CApplication->run()
#3 {main}
REQUEST_URI=/reelmediad/assets/1a677ff2/img/glyphicons-halflings.png
HTTP_REFERER=http://192.168.0.234/reelmediad/assets/1a677ff2/css/demo.css
---
2014/11/11 14:08:47 [error] [exception.CHttpException.404] exception 'CHttpException' with message 'The system is unable to find the requested action "sound".' in C:\xampp\htdocs\reelmediad\yii_back\framework\web\CController.php:483
Stack trace:
#0 C:\xampp\htdocs\reelmediad\yii_back\framework\web\CController.php(270): CController->missingAction('sound')
#1 C:\xampp\htdocs\reelmediad\yii_back\framework\web\CWebApplication.php(282): CController->run('sound')
#2 C:\xampp\htdocs\reelmediad\yii_back\framework\web\CWebApplication.php(141): CWebApplication->runController('home/sound/mess...')
#3 C:\xampp\htdocs\reelmediad\yii_back\framework\base\CApplication.php(180): CWebApplication->processRequest()
#4 C:\xampp\htdocs\reelmediad\index.php(18): CApplication->run()
#5 {main}
REQUEST_URI=/reelmediad/home/sound/messagebox.mp3
HTTP_REFERER=http://192.168.0.234/reelmediad/home/print
---
2014/11/11 14:16:33 [error] [php] Division by zero (C:\xampp\htdocs\reelmediad\protected\models\Story.php:448)
Stack trace:
#0 C:\xampp\htdocs\reelmediad\protected\components\RecentStories.php(82): Story->__get()
#1 C:\xampp\htdocs\reelmediad\protected\views\home\stories.php(110): GetElectronicStory()
#2 C:\xampp\htdocs\reelmediad\yii_back\framework\web\CBaseController.php(126): require()
#3 C:\xampp\htdocs\reelmediad\yii_back\framework\web\CBaseController.php(95): HomeController->renderInternal()
#4 C:\xampp\htdocs\reelmediad\yii_back\framework\web\CController.php(869): HomeController->renderFile()
#5 C:\xampp\htdocs\reelmediad\yii_back\framework\web\CController.php(782): HomeController->renderPartial()
#6 C:\xampp\htdocs\reelmediad\protected\controllers\HomeController.php(54): HomeController->render()
#7 C:\xampp\htdocs\reelmediad\yii_back\framework\web\actions\CInlineAction.php(49): HomeController->actionPrint()
#8 C:\xampp\htdocs\reelmediad\yii_back\framework\web\CController.php(308): CInlineAction->runWithParams()
#9 C:\xampp\htdocs\reelmediad\yii_back\framework\web\filters\CFilterChain.php(133): HomeController->runAction()
#10 C:\xampp\htdocs\reelmediad\yii_back\framework\web\filters\CFilter.php(40): CFilterChain->run()
#11 C:\xampp\htdocs\reelmediad\yii_back\framework\web\CController.php(1145): CAccessControlFilter->filter()
#12 C:\xampp\htdocs\reelmediad\yii_back\framework\web\filters\CInlineFilter.php(58): HomeController->filterAccessControl()
#13 C:\xampp\htdocs\reelmediad\yii_back\framework\web\filters\CFilterChain.php(130): CInlineFilter->filter()
#14 C:\xampp\htdocs\reelmediad\yii_back\framework\web\CController.php(291): CFilterChain->run()
#15 C:\xampp\htdocs\reelmediad\yii_back\framework\web\CController.php(265): HomeController->runActionWithFilters()
#16 C:\xampp\htdocs\reelmediad\yii_back\framework\web\CWebApplication.php(282): HomeController->run()
#17 C:\xampp\htdocs\reelmediad\yii_back\framework\web\CWebApplication.php(141): CWebApplication->runController()
#18 C:\xampp\htdocs\reelmediad\yii_back\framework\base\CApplication.php(180): CWebApplication->processRequest()
#19 C:\xampp\htdocs\reelmediad\index.php(18): CWebApplication->run()
REQUEST_URI=/reelmediad/home/print
2014/11/11 14:19:29 [error] [exception.CHttpException.404] exception 'CHttpException' with message 'The system is unable to find the requested action "sound".' in C:\xampp\htdocs\reelmediad\yii_back\framework\web\CController.php:483
Stack trace:
#0 C:\xampp\htdocs\reelmediad\yii_back\framework\web\CController.php(270): CController->missingAction('sound')
#1 C:\xampp\htdocs\reelmediad\yii_back\framework\web\CWebApplication.php(282): CController->run('sound')
#2 C:\xampp\htdocs\reelmediad\yii_back\framework\web\CWebApplication.php(141): CWebApplication->runController('home/sound/mess...')
#3 C:\xampp\htdocs\reelmediad\yii_back\framework\base\CApplication.php(180): CWebApplication->processRequest()
#4 C:\xampp\htdocs\reelmediad\index.php(18): CApplication->run()
#5 {main}
REQUEST_URI=/reelmediad/home/sound/messagebox.mp3
HTTP_REFERER=http://192.168.0.234/reelmediad/home/print
---
2014/11/11 14:19:42 [error] [exception.CHttpException.404] exception 'CHttpException' with message 'Unable to resolve the request "assets/1a677ff2/img/glyphicons-halflings.png".' in C:\xampp\htdocs\reelmediad\yii_back\framework\web\CWebApplication.php:286
Stack trace:
#0 C:\xampp\htdocs\reelmediad\yii_back\framework\web\CWebApplication.php(141): CWebApplication->runController('assets/1a677ff2...')
#1 C:\xampp\htdocs\reelmediad\yii_back\framework\base\CApplication.php(180): CWebApplication->processRequest()
#2 C:\xampp\htdocs\reelmediad\index.php(18): CApplication->run()
#3 {main}
REQUEST_URI=/reelmediad/assets/1a677ff2/img/glyphicons-halflings.png
HTTP_REFERER=http://192.168.0.234/reelmediad/assets/1a677ff2/css/demo.css
---
2014/11/11 14:46:40 [error] [exception.CHttpException.404] exception 'CHttpException' with message 'The system is unable to find the requested action "sound".' in C:\xampp\htdocs\reelmediad\yii_back\framework\web\CController.php:483
Stack trace:
#0 C:\xampp\htdocs\reelmediad\yii_back\framework\web\CController.php(270): CController->missingAction('sound')
#1 C:\xampp\htdocs\reelmediad\yii_back\framework\web\CWebApplication.php(282): CController->run('sound')
#2 C:\xampp\htdocs\reelmediad\yii_back\framework\web\CWebApplication.php(141): CWebApplication->runController('home/sound/mess...')
#3 C:\xampp\htdocs\reelmediad\yii_back\framework\base\CApplication.php(180): CWebApplication->processRequest()
#4 C:\xampp\htdocs\reelmediad\index.php(18): CApplication->run()
#5 {main}
REQUEST_URI=/reelmediad/home/sound/messagebox.mp3
HTTP_REFERER=http://192.168.0.234/reelmediad/home/print
---
2014/11/11 14:49:14 [error] [exception.CHttpException.404] exception 'CHttpException' with message 'The system is unable to find the requested action "sound".' in C:\xampp\htdocs\reelmediad\yii_back\framework\web\CController.php:483
Stack trace:
#0 C:\xampp\htdocs\reelmediad\yii_back\framework\web\CController.php(270): CController->missingAction('sound')
#1 C:\xampp\htdocs\reelmediad\yii_back\framework\web\CWebApplication.php(282): CController->run('sound')
#2 C:\xampp\htdocs\reelmediad\yii_back\framework\web\CWebApplication.php(141): CWebApplication->runController('home/sound/mess...')
#3 C:\xampp\htdocs\reelmediad\yii_back\framework\base\CApplication.php(180): CWebApplication->processRequest()
#4 C:\xampp\htdocs\reelmediad\index.php(18): CApplication->run()
#5 {main}
REQUEST_URI=/reelmediad/home/sound/messagebox.mp3
HTTP_REFERER=http://192.168.0.234/reelmediad/home/index
---
2014/11/12 07:09:16 [error] [exception.CHttpException.404] exception 'CHttpException' with message 'The system is unable to find the requested action "sound".' in C:\xampp\htdocs\reelmediad\yii_back\framework\web\CController.php:483
Stack trace:
#0 C:\xampp\htdocs\reelmediad\yii_back\framework\web\CController.php(270): CController->missingAction('sound')
#1 C:\xampp\htdocs\reelmediad\yii_back\framework\web\CWebApplication.php(282): CController->run('sound')
#2 C:\xampp\htdocs\reelmediad\yii_back\framework\web\CWebApplication.php(141): CWebApplication->runController('home/sound/mess...')
#3 C:\xampp\htdocs\reelmediad\yii_back\framework\base\CApplication.php(180): CWebApplication->processRequest()
#4 C:\xampp\htdocs\reelmediad\index.php(18): CApplication->run()
#5 {main}
REQUEST_URI=/reelmediad/home/sound/messagebox.mp3
HTTP_REFERER=http://192.168.0.234/reelmediad/home/index
---
2014/11/12 07:10:47 [error] [exception.CHttpException.404] exception 'CHttpException' with message 'The system is unable to find the requested action "sound".' in C:\xampp\htdocs\reelmediad\yii_back\framework\web\CController.php:483
Stack trace:
#0 C:\xampp\htdocs\reelmediad\yii_back\framework\web\CController.php(270): CController->missingAction('sound')
#1 C:\xampp\htdocs\reelmediad\yii_back\framework\web\CWebApplication.php(282): CController->run('sound')
#2 C:\xampp\htdocs\reelmediad\yii_back\framework\web\CWebApplication.php(141): CWebApplication->runController('home/sound/mess...')
#3 C:\xampp\htdocs\reelmediad\yii_back\framework\base\CApplication.php(180): CWebApplication->processRequest()
#4 C:\xampp\htdocs\reelmediad\index.php(18): CApplication->run()
#5 {main}
REQUEST_URI=/reelmediad/home/sound/messagebox.mp3
---
2014/11/12 07:21:05 [error] [exception.CHttpException.404] exception 'CHttpException' with message 'Unable to resolve the request "assets/1a677ff2/img/glyphicons-halflings.png".' in C:\xampp\htdocs\reelmediad\yii_back\framework\web\CWebApplication.php:286
Stack trace:
#0 C:\xampp\htdocs\reelmediad\yii_back\framework\web\CWebApplication.php(141): CWebApplication->runController('assets/1a677ff2...')
#1 C:\xampp\htdocs\reelmediad\yii_back\framework\base\CApplication.php(180): CWebApplication->processRequest()
#2 C:\xampp\htdocs\reelmediad\index.php(18): CApplication->run()
#3 {main}
REQUEST_URI=/reelmediad/assets/1a677ff2/img/glyphicons-halflings.png
HTTP_REFERER=http://192.168.0.234/reelmediad/assets/1a677ff2/css/demo.css
---
2014/11/12 07:32:26 [error] [exception.CHttpException.404] exception 'CHttpException' with message 'Unable to resolve the request "assets/1a677ff2/img/glyphicons-halflings.png".' in C:\xampp\htdocs\reelmediad\yii_back\framework\web\CWebApplication.php:286
Stack trace:
#0 C:\xampp\htdocs\reelmediad\yii_back\framework\web\CWebApplication.php(141): CWebApplication->runController('assets/1a677ff2...')
#1 C:\xampp\htdocs\reelmediad\yii_back\framework\base\CApplication.php(180): CWebApplication->processRequest()
#2 C:\xampp\htdocs\reelmediad\index.php(18): CApplication->run()
#3 {main}
REQUEST_URI=/reelmediad/assets/1a677ff2/img/glyphicons-halflings.png
HTTP_REFERER=http://192.168.0.234/reelmediad/assets/1a677ff2/css/demo.css
---
2014/11/12 07:47:03 [error] [exception.CHttpException.404] exception 'CHttpException' with message 'Unable to resolve the request "assets/1a677ff2/img/glyphicons-halflings.png".' in C:\xampp\htdocs\reelmediad\yii_back\framework\web\CWebApplication.php:286
Stack trace:
#0 C:\xampp\htdocs\reelmediad\yii_back\framework\web\CWebApplication.php(141): CWebApplication->runController('assets/1a677ff2...')
#1 C:\xampp\htdocs\reelmediad\yii_back\framework\base\CApplication.php(180): CWebApplication->processRequest()
#2 C:\xampp\htdocs\reelmediad\index.php(18): CApplication->run()
#3 {main}
REQUEST_URI=/reelmediad/assets/1a677ff2/img/glyphicons-halflings.png
HTTP_REFERER=http://192.168.0.234/reelmediad/assets/1a677ff2/css/demo.css
---
2014/11/17 13:55:11 [error] [exception.CException] exception 'CException' with message 'Property "CWebUser.usertype" is not defined.' in C:\xampp\htdocs\reelmediad\yii_back\framework\base\CComponent.php:130
Stack trace:
#0 C:\xampp\htdocs\reelmediad\yii_back\framework\web\auth\CWebUser.php(146): CComponent->__get('usertype')
#1 C:\xampp\htdocs\reelmediad\protected\views\home\index.php(6): CWebUser->__get('usertype')
#2 C:\xampp\htdocs\reelmediad\yii_back\framework\web\CBaseController.php(126): require('C:\xampp\htdocs...')
#3 C:\xampp\htdocs\reelmediad\yii_back\framework\web\CBaseController.php(95): CBaseController->renderInternal('C:\xampp\htdocs...', Array, true)
#4 C:\xampp\htdocs\reelmediad\yii_back\framework\web\CController.php(869): CBaseController->renderFile('C:\xampp\htdocs...', Array, true)
#5 C:\xampp\htdocs\reelmediad\yii_back\framework\web\CController.php(782): CController->renderPartial('index', Array, true)
#6 C:\xampp\htdocs\reelmediad\protected\controllers\HomeController.php(42): CController->render('index', Array)
#7 C:\xampp\htdocs\reelmediad\yii_back\framework\web\actions\CInlineAction.php(49): HomeController->actionIndex()
#8 C:\xampp\htdocs\reelmediad\yii_back\framework\web\CController.php(308): CInlineAction->runWithParams(Array)
#9 C:\xampp\htdocs\reelmediad\yii_back\framework\web\filters\CFilterChain.php(133): CController->runAction(Object(CInlineAction))
#10 C:\xampp\htdocs\reelmediad\yii_back\framework\web\filters\CFilter.php(40): CFilterChain->run()
#11 C:\xampp\htdocs\reelmediad\yii_back\framework\web\CController.php(1145): CFilter->filter(Object(CFilterChain))
#12 C:\xampp\htdocs\reelmediad\yii_back\framework\web\filters\CInlineFilter.php(58): CController->filterAccessControl(Object(CFilterChain))
#13 C:\xampp\htdocs\reelmediad\yii_back\framework\web\filters\CFilterChain.php(130): CInlineFilter->filter(Object(CFilterChain))
#14 C:\xampp\htdocs\reelmediad\yii_back\framework\web\CController.php(291): CFilterChain->run()
#15 C:\xampp\htdocs\reelmediad\yii_back\framework\web\CController.php(265): CController->runActionWithFilters(Object(CInlineAction), Array)
#16 C:\xampp\htdocs\reelmediad\yii_back\framework\web\CWebApplication.php(282): CController->run('index')
#17 C:\xampp\htdocs\reelmediad\yii_back\framework\web\CWebApplication.php(141): CWebApplication->runController('home/index')
#18 C:\xampp\htdocs\reelmediad\yii_back\framework\base\CApplication.php(180): CWebApplication->processRequest()
#19 C:\xampp\htdocs\reelmediad\index.php(18): CApplication->run()
#20 {main}
REQUEST_URI=/reelmediad/home/index
HTTP_REFERER=http://192.168.0.234/reelmediad/home/index
---
2014/11/18 06:31:19 [error] [exception.CDbException] SQLSTATE[HY000] [2002] A connection attempt failed because the connected party did not properly respond after a period of time, or established connection failed because connected host has failed to respond.

2014/11/18 06:31:19 [error] [exception.CDbException] exception 'CDbException' with message 'CDbConnection failed to open the DB connection.' in C:\xampp\htdocs\reelmediad\yii_back\framework\db\CDbConnection.php:388
Stack trace:
#0 C:\xampp\htdocs\reelmediad\yii_back\framework\db\CDbConnection.php(330): CDbConnection->open()
#1 C:\xampp\htdocs\reelmediad\yii_back\framework\db\CDbConnection.php(308): CDbConnection->setActive(true)
#2 C:\xampp\htdocs\reelmediad\yii_back\framework\base\CModule.php(387): CDbConnection->init()
#3 C:\xampp\htdocs\reelmediad\yii_back\framework\base\CApplication.php(450): CModule->getComponent('db')
#4 C:\xampp\htdocs\reelmediad\yii_back\framework\db\ar\CActiveRecord.php(634): CApplication->getDb()
#5 C:\xampp\htdocs\reelmediad\yii_back\framework\db\ar\CActiveRecord.php(667): CActiveRecord->getDbConnection()
#6 C:\xampp\htdocs\reelmediad\yii_back\framework\db\ar\CActiveRecord.php(1469): CActiveRecord->getCommandBuilder()
#7 C:\xampp\htdocs\reelmediad\protected\models\StoryType.php(87): CActiveRecord->findAll()
#8 C:\xampp\htdocs\reelmediad\protected\views\home\search_filter.php(40): StoryType->getStoryTypes()
#9 C:\xampp\htdocs\reelmediad\yii_back\framework\web\CBaseController.php(126): require('C:\xampp\htdocs...')
#10 C:\xampp\htdocs\reelmediad\yii_back\framework\web\CBaseController.php(95): CBaseController->renderInternal('C:\xampp\htdocs...', Array, true)
#11 C:\xampp\htdocs\reelmediad\yii_back\framework\web\CController.php(869): CBaseController->renderFile('C:\xampp\htdocs...', Array, true)
#12 C:\xampp\htdocs\reelmediad\protected\views\home\stories.php(7): CController->renderPartial('search_filter', Array)
#13 C:\xampp\htdocs\reelmediad\yii_back\framework\web\CBaseController.php(126): require('C:\xampp\htdocs...')
#14 C:\xampp\htdocs\reelmediad\yii_back\framework\web\CBaseController.php(95): CBaseController->renderInternal('C:\xampp\htdocs...', Array, true)
#15 C:\xampp\htdocs\reelmediad\yii_back\framework\web\CController.php(869): CBaseController->renderFile('C:\xampp\htdocs...', Array, true)
#16 C:\xampp\htdocs\reelmediad\yii_back\framework\web\CController.php(782): CController->renderPartial('stories', Array, true)
#17 C:\xampp\htdocs\reelmediad\protected\controllers\HomeController.php(57): CController->render('stories', Array)
#18 C:\xampp\htdocs\reelmediad\yii_back\framework\web\actions\CInlineAction.php(49): HomeController->actionPrint()
#19 C:\xampp\htdocs\reelmediad\yii_back\framework\web\CController.php(308): CInlineAction->runWithParams(Array)
#20 C:\xampp\htdocs\reelmediad\yii_back\framework\web\filters\CFilterChain.php(133): CController->runAction(Object(CInlineAction))
#21 C:\xampp\htdocs\reelmediad\yii_back\framework\web\filters\CFilter.php(40): CFilterChain->run()
#22 C:\xampp\htdocs\reelmediad\yii_back\framework\web\CController.php(1145): CFilter->filter(Object(CFilterChain))
#23 C:\xampp\htdocs\reelmediad\yii_back\framework\web\filters\CInlineFilter.php(58): CController->filterAccessControl(Object(CFilterChain))
#24 C:\xampp\htdocs\reelmediad\yii_back\framework\web\filters\CFilterChain.php(130): CInlineFilter->filter(Object(CFilterChain))
#25 C:\xampp\htdocs\reelmediad\yii_back\framework\web\CController.php(291): CFilterChain->run()
#26 C:\xampp\htdocs\reelmediad\yii_back\framework\web\CController.php(265): CController->runActionWithFilters(Object(CInlineAction), Array)
#27 C:\xampp\htdocs\reelmediad\yii_back\framework\web\CWebApplication.php(282): CController->run('print')
#28 C:\xampp\htdocs\reelmediad\yii_back\framework\web\CWebApplication.php(141): CWebApplication->runController('home/print')
#29 C:\xampp\htdocs\reelmediad\yii_back\framework\base\CApplication.php(180): CWebApplication->processRequest()
#30 C:\xampp\htdocs\reelmediad\index.php(18): CApplication->run()
#31 {main}
REQUEST_URI=/reelmediad/home/print
HTTP_REFERER=http://192.168.0.234/reelmediad/home/print
---
2014/11/18 06:56:23 [error] [exception.CDbException] SQLSTATE[HY000] [2002] A connection attempt failed because the connected party did not properly respond after a period of time, or established connection failed because connected host has failed to respond.

2014/11/18 06:56:23 [error] [exception.CDbException] exception 'CDbException' with message 'CDbConnection failed to open the DB connection.' in C:\xampp\htdocs\reelmediad\yii_back\framework\db\CDbConnection.php:388
Stack trace:
#0 C:\xampp\htdocs\reelmediad\yii_back\framework\db\CDbConnection.php(330): CDbConnection->open()
#1 C:\xampp\htdocs\reelmediad\yii_back\framework\db\CDbConnection.php(308): CDbConnection->setActive(true)
#2 C:\xampp\htdocs\reelmediad\yii_back\framework\base\CModule.php(387): CDbConnection->init()
#3 C:\xampp\htdocs\reelmediad\yii_back\framework\base\CApplication.php(450): CModule->getComponent('db')
#4 C:\xampp\htdocs\reelmediad\yii_back\framework\db\ar\CActiveRecord.php(634): CApplication->getDb()
#5 C:\xampp\htdocs\reelmediad\yii_back\framework\db\ar\CActiveRecord.php(667): CActiveRecord->getDbConnection()
#6 C:\xampp\htdocs\reelmediad\yii_back\framework\db\ar\CActiveRecord.php(1469): CActiveRecord->getCommandBuilder()
#7 C:\xampp\htdocs\reelmediad\protected\models\StoryType.php(87): CActiveRecord->findAll()
#8 C:\xampp\htdocs\reelmediad\protected\views\home\search_filter.php(40): StoryType->getStoryTypes()
#9 C:\xampp\htdocs\reelmediad\yii_back\framework\web\CBaseController.php(126): require('C:\xampp\htdocs...')
#10 C:\xampp\htdocs\reelmediad\yii_back\framework\web\CBaseController.php(95): CBaseController->renderInternal('C:\xampp\htdocs...', Array, true)
#11 C:\xampp\htdocs\reelmediad\yii_back\framework\web\CController.php(869): CBaseController->renderFile('C:\xampp\htdocs...', Array, true)
#12 C:\xampp\htdocs\reelmediad\protected\views\home\stories.php(7): CController->renderPartial('search_filter', Array)
#13 C:\xampp\htdocs\reelmediad\yii_back\framework\web\CBaseController.php(126): require('C:\xampp\htdocs...')
#14 C:\xampp\htdocs\reelmediad\yii_back\framework\web\CBaseController.php(95): CBaseController->renderInternal('C:\xampp\htdocs...', Array, true)
#15 C:\xampp\htdocs\reelmediad\yii_back\framework\web\CController.php(869): CBaseController->renderFile('C:\xampp\htdocs...', Array, true)
#16 C:\xampp\htdocs\reelmediad\yii_back\framework\web\CController.php(782): CController->renderPartial('stories', Array, true)
#17 C:\xampp\htdocs\reelmediad\protected\controllers\HomeController.php(57): CController->render('stories', Array)
#18 C:\xampp\htdocs\reelmediad\yii_back\framework\web\actions\CInlineAction.php(49): HomeController->actionPrint()
#19 C:\xampp\htdocs\reelmediad\yii_back\framework\web\CController.php(308): CInlineAction->runWithParams(Array)
#20 C:\xampp\htdocs\reelmediad\yii_back\framework\web\filters\CFilterChain.php(133): CController->runAction(Object(CInlineAction))
#21 C:\xampp\htdocs\reelmediad\yii_back\framework\web\filters\CFilter.php(40): CFilterChain->run()
#22 C:\xampp\htdocs\reelmediad\yii_back\framework\web\CController.php(1145): CFilter->filter(Object(CFilterChain))
#23 C:\xampp\htdocs\reelmediad\yii_back\framework\web\filters\CInlineFilter.php(58): CController->filterAccessControl(Object(CFilterChain))
#24 C:\xampp\htdocs\reelmediad\yii_back\framework\web\filters\CFilterChain.php(130): CInlineFilter->filter(Object(CFilterChain))
#25 C:\xampp\htdocs\reelmediad\yii_back\framework\web\CController.php(291): CFilterChain->run()
#26 C:\xampp\htdocs\reelmediad\yii_back\framework\web\CController.php(265): CController->runActionWithFilters(Object(CInlineAction), Array)
#27 C:\xampp\htdocs\reelmediad\yii_back\framework\web\CWebApplication.php(282): CController->run('print')
#28 C:\xampp\htdocs\reelmediad\yii_back\framework\web\CWebApplication.php(141): CWebApplication->runController('home/print')
#29 C:\xampp\htdocs\reelmediad\yii_back\framework\base\CApplication.php(180): CWebApplication->processRequest()
#30 C:\xampp\htdocs\reelmediad\index.php(18): CApplication->run()
#31 {main}
REQUEST_URI=/reelmediad/home/print
HTTP_REFERER=http://192.168.0.234/reelmediad/home/print
---
2014/11/18 06:59:42 [error] [exception.CDbException] SQLSTATE[HY000] [2002] A connection attempt failed because the connected party did not properly respond after a period of time, or established connection failed because connected host has failed to respond.

2014/11/18 06:59:42 [error] [exception.CDbException] exception 'CDbException' with message 'CDbConnection failed to open the DB connection.' in C:\xampp\htdocs\reelmediad\yii_back\framework\db\CDbConnection.php:388
Stack trace:
#0 C:\xampp\htdocs\reelmediad\yii_back\framework\db\CDbConnection.php(330): CDbConnection->open()
#1 C:\xampp\htdocs\reelmediad\yii_back\framework\db\CDbConnection.php(308): CDbConnection->setActive(true)
#2 C:\xampp\htdocs\reelmediad\yii_back\framework\base\CModule.php(387): CDbConnection->init()
#3 C:\xampp\htdocs\reelmediad\yii_back\framework\base\CApplication.php(450): CModule->getComponent('db')
#4 C:\xampp\htdocs\reelmediad\yii_back\framework\db\ar\CActiveRecord.php(634): CApplication->getDb()
#5 C:\xampp\htdocs\reelmediad\yii_back\framework\db\ar\CActiveRecord.php(667): CActiveRecord->getDbConnection()
#6 C:\xampp\htdocs\reelmediad\yii_back\framework\db\ar\CActiveRecord.php(1469): CActiveRecord->getCommandBuilder()
#7 C:\xampp\htdocs\reelmediad\protected\models\StoryType.php(87): CActiveRecord->findAll()
#8 C:\xampp\htdocs\reelmediad\protected\views\home\search_filter.php(40): StoryType->getStoryTypes()
#9 C:\xampp\htdocs\reelmediad\yii_back\framework\web\CBaseController.php(126): require('C:\xampp\htdocs...')
#10 C:\xampp\htdocs\reelmediad\yii_back\framework\web\CBaseController.php(95): CBaseController->renderInternal('C:\xampp\htdocs...', Array, true)
#11 C:\xampp\htdocs\reelmediad\yii_back\framework\web\CController.php(869): CBaseController->renderFile('C:\xampp\htdocs...', Array, true)
#12 C:\xampp\htdocs\reelmediad\protected\views\home\stories.php(7): CController->renderPartial('search_filter', Array)
#13 C:\xampp\htdocs\reelmediad\yii_back\framework\web\CBaseController.php(126): require('C:\xampp\htdocs...')
#14 C:\xampp\htdocs\reelmediad\yii_back\framework\web\CBaseController.php(95): CBaseController->renderInternal('C:\xampp\htdocs...', Array, true)
#15 C:\xampp\htdocs\reelmediad\yii_back\framework\web\CController.php(869): CBaseController->renderFile('C:\xampp\htdocs...', Array, true)
#16 C:\xampp\htdocs\reelmediad\yii_back\framework\web\CController.php(782): CController->renderPartial('stories', Array, true)
#17 C:\xampp\htdocs\reelmediad\protected\controllers\HomeController.php(57): CController->render('stories', Array)
#18 C:\xampp\htdocs\reelmediad\yii_back\framework\web\actions\CInlineAction.php(49): HomeController->actionPrint()
#19 C:\xampp\htdocs\reelmediad\yii_back\framework\web\CController.php(308): CInlineAction->runWithParams(Array)
#20 C:\xampp\htdocs\reelmediad\yii_back\framework\web\filters\CFilterChain.php(133): CController->runAction(Object(CInlineAction))
#21 C:\xampp\htdocs\reelmediad\yii_back\framework\web\filters\CFilter.php(40): CFilterChain->run()
#22 C:\xampp\htdocs\reelmediad\yii_back\framework\web\CController.php(1145): CFilter->filter(Object(CFilterChain))
#23 C:\xampp\htdocs\reelmediad\yii_back\framework\web\filters\CInlineFilter.php(58): CController->filterAccessControl(Object(CFilterChain))
#24 C:\xampp\htdocs\reelmediad\yii_back\framework\web\filters\CFilterChain.php(130): CInlineFilter->filter(Object(CFilterChain))
#25 C:\xampp\htdocs\reelmediad\yii_back\framework\web\CController.php(291): CFilterChain->run()
#26 C:\xampp\htdocs\reelmediad\yii_back\framework\web\CController.php(265): CController->runActionWithFilters(Object(CInlineAction), Array)
#27 C:\xampp\htdocs\reelmediad\yii_back\framework\web\CWebApplication.php(282): CController->run('print')
#28 C:\xampp\htdocs\reelmediad\yii_back\framework\web\CWebApplication.php(141): CWebApplication->runController('home/print')
#29 C:\xampp\htdocs\reelmediad\yii_back\framework\base\CApplication.php(180): CWebApplication->processRequest()
#30 C:\xampp\htdocs\reelmediad\index.php(18): CApplication->run()
#31 {main}
REQUEST_URI=/reelmediad/home/print
HTTP_REFERER=http://192.168.0.234/reelmediad/home/index
---
2014/11/18 07:02:29 [error] [exception.CDbException] SQLSTATE[HY000] [2002] A connection attempt failed because the connected party did not properly respond after a period of time, or established connection failed because connected host has failed to respond.

2014/11/18 07:02:29 [error] [exception.CDbException] exception 'CDbException' with message 'CDbConnection failed to open the DB connection.' in C:\xampp\htdocs\reelmediad\yii_back\framework\db\CDbConnection.php:388
Stack trace:
#0 C:\xampp\htdocs\reelmediad\yii_back\framework\db\CDbConnection.php(330): CDbConnection->open()
#1 C:\xampp\htdocs\reelmediad\yii_back\framework\db\CDbConnection.php(308): CDbConnection->setActive(true)
#2 C:\xampp\htdocs\reelmediad\yii_back\framework\base\CModule.php(387): CDbConnection->init()
#3 C:\xampp\htdocs\reelmediad\yii_back\framework\base\CApplication.php(450): CModule->getComponent('db')
#4 C:\xampp\htdocs\reelmediad\yii_back\framework\db\ar\CActiveRecord.php(634): CApplication->getDb()
#5 C:\xampp\htdocs\reelmediad\yii_back\framework\db\ar\CActiveRecord.php(667): CActiveRecord->getDbConnection()
#6 C:\xampp\htdocs\reelmediad\yii_back\framework\db\ar\CActiveRecord.php(1469): CActiveRecord->getCommandBuilder()
#7 C:\xampp\htdocs\reelmediad\protected\models\IndustryReportTypes.php(89): CActiveRecord->findAll()
#8 C:\xampp\htdocs\reelmediad\protected\views\industryreports\search_filter.php(24): IndustryReportTypes->getReportTypes()
#9 C:\xampp\htdocs\reelmediad\yii_back\framework\web\CBaseController.php(126): require('C:\xampp\htdocs...')
#10 C:\xampp\htdocs\reelmediad\yii_back\framework\web\CBaseController.php(95): CBaseController->renderInternal('C:\xampp\htdocs...', Array, true)
#11 C:\xampp\htdocs\reelmediad\yii_back\framework\web\CController.php(869): CBaseController->renderFile('C:\xampp\htdocs...', Array, true)
#12 C:\xampp\htdocs\reelmediad\protected\views\industryreports\mentions.php(9): CController->renderPartial('search_filter', Array)
#13 C:\xampp\htdocs\reelmediad\yii_back\framework\web\CBaseController.php(126): require('C:\xampp\htdocs...')
#14 C:\xampp\htdocs\reelmediad\yii_back\framework\web\CBaseController.php(95): CBaseController->renderInternal('C:\xampp\htdocs...', Array, true)
#15 C:\xampp\htdocs\reelmediad\yii_back\framework\web\CController.php(869): CBaseController->renderFile('C:\xampp\htdocs...', Array, true)
#16 C:\xampp\htdocs\reelmediad\yii_back\framework\web\CController.php(782): CController->renderPartial('mentions', Array, true)
#17 C:\xampp\htdocs\reelmediad\protected\controllers\IndustryreportsController.php(58): CController->render('mentions', Array)
#18 C:\xampp\htdocs\reelmediad\yii_back\framework\web\actions\CInlineAction.php(49): IndustryreportsController->actionMentions()
#19 C:\xampp\htdocs\reelmediad\yii_back\framework\web\CController.php(308): CInlineAction->runWithParams(Array)
#20 C:\xampp\htdocs\reelmediad\yii_back\framework\web\filters\CFilterChain.php(133): CController->runAction(Object(CInlineAction))
#21 C:\xampp\htdocs\reelmediad\yii_back\framework\web\filters\CFilter.php(40): CFilterChain->run()
#22 C:\xampp\htdocs\reelmediad\yii_back\framework\web\CController.php(1145): CFilter->filter(Object(CFilterChain))
#23 C:\xampp\htdocs\reelmediad\yii_back\framework\web\filters\CInlineFilter.php(58): CController->filterAccessControl(Object(CFilterChain))
#24 C:\xampp\htdocs\reelmediad\yii_back\framework\web\filters\CFilterChain.php(130): CInlineFilter->filter(Object(CFilterChain))
#25 C:\xampp\htdocs\reelmediad\yii_back\framework\web\CController.php(291): CFilterChain->run()
#26 C:\xampp\htdocs\reelmediad\yii_back\framework\web\CController.php(265): CController->runActionWithFilters(Object(CInlineAction), Array)
#27 C:\xampp\htdocs\reelmediad\yii_back\framework\web\CWebApplication.php(282): CController->run('mentions')
#28 C:\xampp\htdocs\reelmediad\yii_back\framework\web\CWebApplication.php(141): CWebApplication->runController('industryreports...')
#29 C:\xampp\htdocs\reelmediad\yii_back\framework\base\CApplication.php(180): CWebApplication->processRequest()
#30 C:\xampp\htdocs\reelmediad\index.php(18): CApplication->run()
#31 {main}
REQUEST_URI=/reelmediad/industryreports/mentions
HTTP_REFERER=http://192.168.0.234/reelmediad/radiotv/index
---
2014/11/18 10:39:38 [error] [php] Undefined variable: link_id (C:\xampp\htdocs\reelmediad\protected\views\archive\index.php:188)
Stack trace:
#0 C:\xampp\htdocs\reelmediad\yii_back\framework\web\CController.php(869): ArchiveController->renderFile()
#1 C:\xampp\htdocs\reelmediad\yii_back\framework\web\CController.php(782): ArchiveController->renderPartial()
#2 C:\xampp\htdocs\reelmediad\protected\controllers\ArchiveController.php(43): ArchiveController->render()
#3 C:\xampp\htdocs\reelmediad\yii_back\framework\web\actions\CInlineAction.php(49): ArchiveController->actionIndex()
#4 C:\xampp\htdocs\reelmediad\yii_back\framework\web\CController.php(308): CInlineAction->runWithParams()
#5 C:\xampp\htdocs\reelmediad\yii_back\framework\web\filters\CFilterChain.php(133): ArchiveController->runAction()
#6 C:\xampp\htdocs\reelmediad\yii_back\framework\web\filters\CFilter.php(40): CFilterChain->run()
#7 C:\xampp\htdocs\reelmediad\yii_back\framework\web\CController.php(1145): CAccessControlFilter->filter()
#8 C:\xampp\htdocs\reelmediad\yii_back\framework\web\filters\CInlineFilter.php(58): ArchiveController->filterAccessControl()
#9 C:\xampp\htdocs\reelmediad\yii_back\framework\web\filters\CFilterChain.php(130): CInlineFilter->filter()
#10 C:\xampp\htdocs\reelmediad\yii_back\framework\web\CController.php(291): CFilterChain->run()
#11 C:\xampp\htdocs\reelmediad\yii_back\framework\web\CController.php(265): ArchiveController->runActionWithFilters()
#12 C:\xampp\htdocs\reelmediad\yii_back\framework\web\CWebApplication.php(282): ArchiveController->run()
#13 C:\xampp\htdocs\reelmediad\yii_back\framework\web\CWebApplication.php(141): CWebApplication->runController()
#14 C:\xampp\htdocs\reelmediad\yii_back\framework\base\CApplication.php(180): CWebApplication->processRequest()
#15 C:\xampp\htdocs\reelmediad\index.php(18): CWebApplication->run()
REQUEST_URI=/reelmediad/archive/index
2014/11/18 13:33:27 [error] [php] Undefined variable: narrative (C:\xampp\htdocs\reelmediad\protected\views\industryreports\agency_reports.php:49)
Stack trace:
#0 C:\xampp\htdocs\reelmediad\yii_back\framework\web\CController.php(869): IndustryreportsController->renderFile()
#1 C:\xampp\htdocs\reelmediad\yii_back\framework\web\CController.php(782): IndustryreportsController->renderPartial()
#2 C:\xampp\htdocs\reelmediad\protected\controllers\IndustryreportsController.php(59): IndustryreportsController->render()
#3 C:\xampp\htdocs\reelmediad\yii_back\framework\web\actions\CInlineAction.php(49): IndustryreportsController->actionMentions()
#4 C:\xampp\htdocs\reelmediad\yii_back\framework\web\CController.php(308): CInlineAction->runWithParams()
#5 C:\xampp\htdocs\reelmediad\yii_back\framework\web\filters\CFilterChain.php(133): IndustryreportsController->runAction()
#6 C:\xampp\htdocs\reelmediad\yii_back\framework\web\filters\CFilter.php(40): CFilterChain->run()
#7 C:\xampp\htdocs\reelmediad\yii_back\framework\web\CController.php(1145): CAccessControlFilter->filter()
#8 C:\xampp\htdocs\reelmediad\yii_back\framework\web\filters\CInlineFilter.php(58): IndustryreportsController->filterAccessControl()
#9 C:\xampp\htdocs\reelmediad\yii_back\framework\web\filters\CFilterChain.php(130): CInlineFilter->filter()
#10 C:\xampp\htdocs\reelmediad\yii_back\framework\web\CController.php(291): CFilterChain->run()
#11 C:\xampp\htdocs\reelmediad\yii_back\framework\web\CController.php(265): IndustryreportsController->runActionWithFilters()
#12 C:\xampp\htdocs\reelmediad\yii_back\framework\web\CWebApplication.php(282): IndustryreportsController->run()
#13 C:\xampp\htdocs\reelmediad\yii_back\framework\web\CWebApplication.php(141): CWebApplication->runController()
#14 C:\xampp\htdocs\reelmediad\yii_back\framework\base\CApplication.php(180): CWebApplication->processRequest()
#15 C:\xampp\htdocs\reelmediad\index.php(18): CWebApplication->run()
REQUEST_URI=/reelmediad/industryreports/mentions
2014/11/18 14:23:52 [error] [exception.CHttpException.403] exception 'CHttpException' with message 'You are not authorized to perform this action.' in C:\xampp\htdocs\reelmediad\yii_back\framework\web\auth\CAccessControlFilter.php:182
Stack trace:
#0 C:\xampp\htdocs\reelmediad\yii_back\framework\web\auth\CAccessControlFilter.php(145): CAccessControlFilter->accessDenied(Object(CWebUser), 'You are not aut...')
#1 C:\xampp\htdocs\reelmediad\yii_back\framework\web\filters\CFilter.php(38): CAccessControlFilter->preFilter(Object(CFilterChain))
#2 C:\xampp\htdocs\reelmediad\yii_back\framework\web\CController.php(1145): CFilter->filter(Object(CFilterChain))
#3 C:\xampp\htdocs\reelmediad\yii_back\framework\web\filters\CInlineFilter.php(58): CController->filterAccessControl(Object(CFilterChain))
#4 C:\xampp\htdocs\reelmediad\yii_back\framework\web\filters\CFilterChain.php(130): CInlineFilter->filter(Object(CFilterChain))
#5 C:\xampp\htdocs\reelmediad\yii_back\framework\web\CController.php(291): CFilterChain->run()
#6 C:\xampp\htdocs\reelmediad\yii_back\framework\web\CController.php(265): CController->runActionWithFilters(Object(CInlineAction), Array)
#7 C:\xampp\htdocs\reelmediad\yii_back\framework\web\CWebApplication.php(282): CController->run('getdata')
#8 C:\xampp\htdocs\reelmediad\yii_back\framework\web\CWebApplication.php(141): CWebApplication->runController('industryreports...')
#9 C:\xampp\htdocs\reelmediad\yii_back\framework\base\CApplication.php(180): CWebApplication->processRequest()
#10 C:\xampp\htdocs\reelmediad\index.php(18): CApplication->run()
#11 {main}
REQUEST_URI=/reelmediad/industryreports/getdata
HTTP_REFERER=http://192.168.0.234/reelmediad/industryreports/mentions
---
2014/11/18 14:24:12 [error] [exception.CHttpException.403] exception 'CHttpException' with message 'You are not authorized to perform this action.' in C:\xampp\htdocs\reelmediad\yii_back\framework\web\auth\CAccessControlFilter.php:182
Stack trace:
#0 C:\xampp\htdocs\reelmediad\yii_back\framework\web\auth\CAccessControlFilter.php(145): CAccessControlFilter->accessDenied(Object(CWebUser), 'You are not aut...')
#1 C:\xampp\htdocs\reelmediad\yii_back\framework\web\filters\CFilter.php(38): CAccessControlFilter->preFilter(Object(CFilterChain))
#2 C:\xampp\htdocs\reelmediad\yii_back\framework\web\CController.php(1145): CFilter->filter(Object(CFilterChain))
#3 C:\xampp\htdocs\reelmediad\yii_back\framework\web\filters\CInlineFilter.php(58): CController->filterAccessControl(Object(CFilterChain))
#4 C:\xampp\htdocs\reelmediad\yii_back\framework\web\filters\CFilterChain.php(130): CInlineFilter->filter(Object(CFilterChain))
#5 C:\xampp\htdocs\reelmediad\yii_back\framework\web\CController.php(291): CFilterChain->run()
#6 C:\xampp\htdocs\reelmediad\yii_back\framework\web\CController.php(265): CController->runActionWithFilters(Object(CInlineAction), Array)
#7 C:\xampp\htdocs\reelmediad\yii_back\framework\web\CWebApplication.php(282): CController->run('getdata')
#8 C:\xampp\htdocs\reelmediad\yii_back\framework\web\CWebApplication.php(141): CWebApplication->runController('industryreports...')
#9 C:\xampp\htdocs\reelmediad\yii_back\framework\base\CApplication.php(180): CWebApplication->processRequest()
#10 C:\xampp\htdocs\reelmediad\index.php(18): CApplication->run()
#11 {main}
REQUEST_URI=/reelmediad/industryreports/getdata
HTTP_REFERER=http://192.168.0.234/reelmediad/industryreports/mentions
---
2014/11/18 14:35:36 [error] [php] Array to string conversion (C:\xampp\htdocs\reelmediad\protected\controllers\IndustryreportsController.php:75)
Stack trace:
#0 C:\xampp\htdocs\reelmediad\yii_back\framework\web\filters\CFilterChain.php(133): IndustryreportsController->runAction()
#1 C:\xampp\htdocs\reelmediad\yii_back\framework\web\filters\CFilter.php(40): CFilterChain->run()
#2 C:\xampp\htdocs\reelmediad\yii_back\framework\web\CController.php(1145): CAccessControlFilter->filter()
#3 C:\xampp\htdocs\reelmediad\yii_back\framework\web\filters\CInlineFilter.php(58): IndustryreportsController->filterAccessControl()
#4 C:\xampp\htdocs\reelmediad\yii_back\framework\web\filters\CFilterChain.php(130): CInlineFilter->filter()
#5 C:\xampp\htdocs\reelmediad\yii_back\framework\web\CController.php(291): CFilterChain->run()
#6 C:\xampp\htdocs\reelmediad\yii_back\framework\web\CController.php(265): IndustryreportsController->runActionWithFilters()
#7 C:\xampp\htdocs\reelmediad\yii_back\framework\web\CWebApplication.php(282): IndustryreportsController->run()
#8 C:\xampp\htdocs\reelmediad\yii_back\framework\web\CWebApplication.php(141): CWebApplication->runController()
#9 C:\xampp\htdocs\reelmediad\yii_back\framework\base\CApplication.php(180): CWebApplication->processRequest()
#10 C:\xampp\htdocs\reelmediad\index.php(18): CWebApplication->run()
REQUEST_URI=/reelmediad/industryreports/getdata
